<?xml version="1.0" encoding="UTF-8"?>
<testsuite xmlns:xsi="http://www.w3.org/2001/XMLSchema-instance" xsi:noNamespaceSchemaLocation="https://maven.apache.org/surefire/maven-surefire-plugin/xsd/surefire-test-report-3.0.xsd" version="3.0" name="com.utp.servidor.SpringServidorApplicationTests" time="3.905" tests="1" errors="0" skipped="0" failures="0">
  <properties>
[...]
</properties>
  <testcase name="contextLoads" classname="com.utp.servidor.SpringServidorApplicationTests" time="0.997">
    <system-out><![CDATA[04:28:27.347 [main] INFO org.springframework.test.context.support.AnnotationConfigContextLoaderUtils -- Could not detect default configuration classes for test class [com.utp.servidor.SpringServidorApplicationTests]: SpringServidorApplicationTests does not declare any static, non-private, non-final, nested classes annotated with @Configuration.
04:28:27.583 [main] INFO org.springframework.boot.test.context.SpringBootTestContextBootstrapper -- Found @SpringBootConfiguration com.utp.servidor.SpringServidorApplication for test class com.utp.servidor.SpringServidorApplicationTests

  .   ____          _            __ _ _
 /\\ / ___'_ __ _ _(_)_ __  __ _ \ \ \ \
( ( )\___ | '_ | '_| | '_ \/ _` | \ \ \ \
 \\/  ___)| |_)| | | | | || (_| |  ) ) ) )
  '  |____| .__|_| |_|_| |_\__, | / / / /
 =========|_|==============|___/=/_/_/_/

 :: Spring Boot ::                (v3.3.2)

2024-07-20T04:28:28.241-05:00  INFO 22284 --- [Spring-Servidor] [           main] c.u.s.SpringServidorApplicationTests     : Starting SpringServidorApplicationTests using Java 22.0.1 with PID 22284 (started by Mauricio in C:\Users\Mauricio\Downloads\Nueva carpeta (22)\Spring-Servidor)
2024-07-20T04:28:28.242-05:00  INFO 22284 --- [Spring-Servidor] [           main] c.u.s.SpringServidorApplicationTests     : No active profile set, falling back to 1 default profile: "default"
2024-07-20T04:28:29.814-05:00  INFO 22284 --- [Spring-Servidor] [           main] c.u.s.SpringServidorApplicationTests     : Started SpringServidorApplicationTests in 2.047 seconds (process running for 3.608)
]]></system-out>
    <system-err><![CDATA[WARNING: A Java agent has been loaded dynamically (C:\Users\Mauricio\.m2\repository\net\bytebuddy\byte-buddy-agent\1.14.18\byte-buddy-agent-1.14.18.jar)
WARNING: If a serviceability tool is in use, please run with -XX:+EnableDynamicAgentLoading to hide this warning
WARNING: If a serviceability tool is not in use, please run with -Djdk.instrument.traceUsage for more information
WARNING: Dynamic loading of agents will be disallowed by default in a future release
]]></system-err>
  </testcase>
</testsuite>